<?xml version="1.0" encoding="UTF-8"?>
<Site BuildName="(empty)"
	BuildStamp="20240112-0652-Experimental"
	Name="dong"
	Generator="ctest-3.16.3"
	CompilerName="/usr/bin/c++"
	CompilerVersion="9.4.0"
	OSName="Linux"
	Hostname="dong"
	OSRelease="5.15.0-91-generic"
	OSVersion="#101~20.04.1-Ubuntu SMP Thu Nov 16 14:22:28 UTC 2023"
	OSPlatform="x86_64"
	Is64Bits="1"
	VendorString="GenuineIntel"
	VendorID="Intel Corporation"
	FamilyID="6"
	ModelID="183"
	ProcessorCacheSize="30720"
	NumberOfLogicalCPU="24"
	NumberOfPhysicalCPU="16"
	TotalVirtualMemory="2047"
	TotalPhysicalMemory="15723"
	LogicalProcessorsPerPhysical="1"
	ProcessorClockFrequency="5296.76"
	>
	<Testing>
		<StartDateTime>Jan 12 15:52 KST</StartDateTime>
		<StartTestTime>1705042350</StartTestTime>
		<TestList/>
		<EndDateTime>Jan 12 15:52 KST</EndDateTime>
		<EndTestTime>1705042350</EndTestTime>
		<ElapsedMinutes>0</ElapsedMinutes>
	</Testing>
</Site>
